<?xml version="1.0" encoding="UTF-8"?>
<!-- Generated by org.testng.reporters.JUnitXMLReporter -->
<testsuite ignored="0" hostname="LAPTOP-LRT8JUQQ" failures="0" tests="2" name="ErrorValidationTest" time="0.02" errors="0" timestamp="2025-09-15T21:30:27 IST">
  <testcase classname="YSK.ErrorValidation" name="CartValidation" time="0.0">
    <skipped/>
  </testcase> <!-- CartValidation -->
  <testcase classname="YSK.ErrorValidation" name="LoginValidation" time="0.0">
    <skipped/>
  </testcase> <!-- LoginValidation -->
</testsuite> <!-- ErrorValidationTest -->
