<?xml version="1.0" encoding="UTF-8"?>
<!-- Generated by org.testng.reporters.JUnitXMLReporter -->
<testsuite ignored="0" hostname="LAPTOP-LRT8JUQQ" failures="0" tests="4" name="SubmitOrderTest" time="20.059" errors="0" timestamp="2025-09-16T22:18:05 IST">
  <testcase classname="YSK.SubmitOrder" name="SubmitOrder" time="3.995"/>
  <testcase classname="YSK.SubmitOrder" name="SubmitOrder" time="3.935"/>
  <testcase classname="YSK.SubmitOrder" name="OrderHistory" time="1.258"/>
  <testcase classname="YSK.SubmitOrder" name="OrderHistory" time="0.97"/>
</testsuite> <!-- SubmitOrderTest -->
