<?xml version="1.0" encoding="UTF-8"?>
<!-- Generated by org.testng.reporters.JUnitXMLReporter -->
<testsuite ignored="0" hostname="LAPTOP-LRT8JUQQ" failures="0" tests="4" name="SubmitOrderTest" time="26.04" errors="0" timestamp="2025-09-16T21:42:44 IST">
  <testcase classname="YSK.SubmitOrder" name="SubmitOrder" time="4.043"/>
  <testcase classname="YSK.SubmitOrder" name="SubmitOrder" time="3.987"/>
  <testcase classname="YSK.SubmitOrder" name="OrderHistory" time="1.134"/>
  <testcase classname="YSK.SubmitOrder" name="OrderHistory" time="0.844"/>
</testsuite> <!-- SubmitOrderTest -->
