<?xml version="1.0" encoding="UTF-8"?>
<!-- Generated by org.testng.reporters.JUnitXMLReporter -->
<testsuite ignored="0" hostname="LAPTOP-LRT8JUQQ" failures="0" tests="4" name="SubmitOrderTest" time="24.128" errors="0" timestamp="2025-09-16T01:01:28 IST">
  <testcase classname="YSK.SubmitOrder" name="SubmitOrder" time="4.052"/>
  <testcase classname="YSK.SubmitOrder" name="SubmitOrder" time="4.085"/>
  <testcase classname="YSK.SubmitOrder" name="OrderHistory" time="0.8"/>
  <testcase classname="YSK.SubmitOrder" name="OrderHistory" time="0.825"/>
</testsuite> <!-- SubmitOrderTest -->
