<?xml version="1.0" encoding="UTF-8"?>
<testng-results ignored="0" total="6" passed="6" failed="0" skipped="0">
  <reporter-output>
  </reporter-output>
  <suite started-at="2025-09-16T22:17:44 IST" name="Suite" finished-at="2025-09-16T22:18:13 IST" duration-ms="28267">
    <groups>
      <group name="ErrorHandling">
        <method signature="ErrorValidation.LoginValidation()[pri:0, instance:YSK.ErrorValidation@7905a0b8]" name="LoginValidation" class="YSK.ErrorValidation"/>
      </group> <!-- ErrorHandling -->
      <group name="purchaseOrder">
        <method signature="SubmitOrder.SubmitOrder(java.lang.String,java.lang.String,java.lang.String)[pri:0, instance:YSK.SubmitOrder@3e0e1046]" name="SubmitOrder" class="YSK.SubmitOrder"/>
      </group> <!-- purchaseOrder -->
    </groups>
    <test started-at="2025-09-16T22:17:44 IST" name="SubmitOrderTest" finished-at="2025-09-16T22:18:04 IST" duration-ms="20059">
      <class name="YSK.SubmitOrder">
        <test-method is-config="true" signature="launchApplication()[pri:0, instance:YSK.SubmitOrder@3e0e1046]" started-at="2025-09-16T22:17:44 IST" name="launchApplication" finished-at="2025-09-16T22:17:49 IST" duration-ms="4885" status="PASS">
          <reporter-output>
          </reporter-output>
        </test-method> <!-- launchApplication -->
        <test-method signature="SubmitOrder(java.lang.String,java.lang.String,java.lang.String)[pri:0, instance:YSK.SubmitOrder@3e0e1046]" started-at="2025-09-16T22:17:49 IST" name="SubmitOrder" data-provider="getData" finished-at="2025-09-16T22:17:53 IST" duration-ms="3995" status="PASS">
          <params>
            <param index="0">
              <value>
                <![CDATA[ysk@gmail.com]]>
              </value>
            </param>
            <param index="1">
              <value>
                <![CDATA[Samsung525$]]>
              </value>
            </param>
            <param index="2">
              <value>
                <![CDATA[ZARA COAT 3]]>
              </value>
            </param>
          </params>
          <reporter-output>
          </reporter-output>
        </test-method> <!-- SubmitOrder -->
        <test-method is-config="true" signature="teardown()[pri:0, instance:YSK.SubmitOrder@3e0e1046]" started-at="2025-09-16T22:17:53 IST" name="teardown" finished-at="2025-09-16T22:17:54 IST" duration-ms="196" status="PASS">
          <reporter-output>
          </reporter-output>
        </test-method> <!-- teardown -->
        <test-method is-config="true" signature="launchApplication()[pri:0, instance:YSK.SubmitOrder@3e0e1046]" started-at="2025-09-16T22:17:54 IST" name="launchApplication" finished-at="2025-09-16T22:17:55 IST" duration-ms="1416" status="PASS">
          <reporter-output>
          </reporter-output>
        </test-method> <!-- launchApplication -->
        <test-method signature="SubmitOrder(java.lang.String,java.lang.String,java.lang.String)[pri:0, instance:YSK.SubmitOrder@3e0e1046]" started-at="2025-09-16T22:17:55 IST" name="SubmitOrder" data-provider="getData" finished-at="2025-09-16T22:17:59 IST" duration-ms="3935" status="PASS">
          <params>
            <param index="0">
              <value>
                <![CDATA[test12122@gmail.com]]>
              </value>
            </param>
            <param index="1">
              <value>
                <![CDATA[Samsung525$]]>
              </value>
            </param>
            <param index="2">
              <value>
                <![CDATA[iphone 13 pro]]>
              </value>
            </param>
          </params>
          <reporter-output>
          </reporter-output>
        </test-method> <!-- SubmitOrder -->
        <test-method is-config="true" signature="teardown()[pri:0, instance:YSK.SubmitOrder@3e0e1046]" started-at="2025-09-16T22:17:59 IST" name="teardown" finished-at="2025-09-16T22:17:59 IST" duration-ms="157" status="PASS">
          <reporter-output>
          </reporter-output>
        </test-method> <!-- teardown -->
        <test-method is-config="true" signature="launchApplication()[pri:0, instance:YSK.SubmitOrder@3e0e1046]" started-at="2025-09-16T22:17:59 IST" name="launchApplication" finished-at="2025-09-16T22:18:00 IST" duration-ms="1415" status="PASS">
          <reporter-output>
          </reporter-output>
        </test-method> <!-- launchApplication -->
        <test-method signature="OrderHistory(java.lang.String,java.lang.String,java.lang.String)[pri:0, instance:YSK.SubmitOrder@3e0e1046]" started-at="2025-09-16T22:18:00 IST" name="OrderHistory" data-provider="getData" finished-at="2025-09-16T22:18:02 IST" depends-on-methods="YSK.SubmitOrder.SubmitOrder" duration-ms="1258" status="PASS">
          <params>
            <param index="0">
              <value>
                <![CDATA[ysk@gmail.com]]>
              </value>
            </param>
            <param index="1">
              <value>
                <![CDATA[Samsung525$]]>
              </value>
            </param>
            <param index="2">
              <value>
                <![CDATA[ZARA COAT 3]]>
              </value>
            </param>
          </params>
          <reporter-output>
          </reporter-output>
        </test-method> <!-- OrderHistory -->
        <test-method is-config="true" signature="teardown()[pri:0, instance:YSK.SubmitOrder@3e0e1046]" started-at="2025-09-16T22:18:02 IST" name="teardown" finished-at="2025-09-16T22:18:02 IST" duration-ms="134" status="PASS">
          <reporter-output>
          </reporter-output>
        </test-method> <!-- teardown -->
        <test-method is-config="true" signature="launchApplication()[pri:0, instance:YSK.SubmitOrder@3e0e1046]" started-at="2025-09-16T22:18:02 IST" name="launchApplication" finished-at="2025-09-16T22:18:03 IST" duration-ms="1465" status="PASS">
          <reporter-output>
          </reporter-output>
        </test-method> <!-- launchApplication -->
        <test-method signature="OrderHistory(java.lang.String,java.lang.String,java.lang.String)[pri:0, instance:YSK.SubmitOrder@3e0e1046]" started-at="2025-09-16T22:18:03 IST" name="OrderHistory" data-provider="getData" finished-at="2025-09-16T22:18:04 IST" depends-on-methods="YSK.SubmitOrder.SubmitOrder" duration-ms="970" status="PASS">
          <params>
            <param index="0">
              <value>
                <![CDATA[test12122@gmail.com]]>
              </value>
            </param>
            <param index="1">
              <value>
                <![CDATA[Samsung525$]]>
              </value>
            </param>
            <param index="2">
              <value>
                <![CDATA[iphone 13 pro]]>
              </value>
            </param>
          </params>
          <reporter-output>
          </reporter-output>
        </test-method> <!-- OrderHistory -->
        <test-method is-config="true" signature="teardown()[pri:0, instance:YSK.SubmitOrder@3e0e1046]" started-at="2025-09-16T22:18:04 IST" name="teardown" finished-at="2025-09-16T22:18:04 IST" duration-ms="158" status="PASS">
          <reporter-output>
          </reporter-output>
        </test-method> <!-- teardown -->
      </class> <!-- YSK.SubmitOrder -->
    </test> <!-- SubmitOrderTest -->
    <test started-at="2025-09-16T22:18:05 IST" name="ErrorValidationTest" finished-at="2025-09-16T22:18:13 IST" duration-ms="7923">
      <class name="YSK.ErrorValidation">
        <test-method is-config="true" signature="launchApplication()[pri:0, instance:YSK.ErrorValidation@7905a0b8]" started-at="2025-09-16T22:18:05 IST" name="launchApplication" finished-at="2025-09-16T22:18:06 IST" duration-ms="1359" status="PASS">
          <reporter-output>
          </reporter-output>
        </test-method> <!-- launchApplication -->
        <test-method signature="CartValidation()[pri:0, instance:YSK.ErrorValidation@7905a0b8]" started-at="2025-09-16T22:18:06 IST" name="CartValidation" finished-at="2025-09-16T22:18:09 IST" duration-ms="2952" status="PASS">
          <reporter-output>
          </reporter-output>
        </test-method> <!-- CartValidation -->
        <test-method is-config="true" signature="teardown()[pri:0, instance:YSK.ErrorValidation@7905a0b8]" started-at="2025-09-16T22:18:09 IST" name="teardown" finished-at="2025-09-16T22:18:09 IST" duration-ms="211" status="PASS">
          <reporter-output>
          </reporter-output>
        </test-method> <!-- teardown -->
        <test-method is-config="true" signature="launchApplication()[pri:0, instance:YSK.ErrorValidation@7905a0b8]" started-at="2025-09-16T22:18:09 IST" name="launchApplication" finished-at="2025-09-16T22:18:11 IST" duration-ms="2247" status="PASS">
          <reporter-output>
          </reporter-output>
        </test-method> <!-- launchApplication -->
        <test-method signature="LoginValidation()[pri:0, instance:YSK.ErrorValidation@7905a0b8]" started-at="2025-09-16T22:18:11 IST" name="LoginValidation" finished-at="2025-09-16T22:18:12 IST" duration-ms="1002" status="PASS">
          <reporter-output>
          </reporter-output>
        </test-method> <!-- LoginValidation -->
        <test-method is-config="true" signature="teardown()[pri:0, instance:YSK.ErrorValidation@7905a0b8]" started-at="2025-09-16T22:18:12 IST" name="teardown" finished-at="2025-09-16T22:18:13 IST" duration-ms="146" status="PASS">
          <reporter-output>
          </reporter-output>
        </test-method> <!-- teardown -->
      </class> <!-- YSK.ErrorValidation -->
    </test> <!-- ErrorValidationTest -->
  </suite> <!-- Suite -->
</testng-results>
